<?xml version="1.0" encoding="UTF-8"?>
<testng-results skipped="0" failed="0" total="1" passed="1">
  <reporter-output>
  </reporter-output>
  <suite name="Default suite" duration-ms="18509" started-at="2020-12-09T03:47:52Z" finished-at="2020-12-09T03:48:11Z">
    <groups>
      <group name="cucumber">
        <method signature="AbstractTestNGCucumberTests.feature(cucumber.api.testng.CucumberFeatureWrapper)[pri:0, instance:runners.TestRunnerWithTestNG@5f2108b5]" name="feature" class="cucumber.api.testng.AbstractTestNGCucumberTests"/>
      </group> <!-- cucumber -->
    </groups>
    <test name="Default test" duration-ms="18509" started-at="2020-12-09T03:47:52Z" finished-at="2020-12-09T03:48:11Z">
      <class name="runners.TestRunnerWithTestNG">
        <test-method status="PASS" signature="setUpClass()[pri:0, instance:runners.TestRunnerWithTestNG@5f2108b5]" name="setUpClass" is-config="true" duration-ms="648" started-at="2020-12-09T09:17:52Z" finished-at="2020-12-09T09:17:53Z">
          <reporter-output>
          </reporter-output>
        </test-method> <!-- setUpClass -->
        <test-method status="PASS" signature="feature(cucumber.api.testng.CucumberFeatureWrapper)[pri:0, instance:runners.TestRunnerWithTestNG@5f2108b5]" name="feature" duration-ms="17579" started-at="2020-12-09T09:17:53Z" description="Runs Cucumber Feature" data-provider="features" finished-at="2020-12-09T09:18:11Z">
          <params>
            <param index="0">
              <value>
                <![CDATA[Login Action]]>
              </value>
            </param>
          </params>
          <reporter-output>
          </reporter-output>
        </test-method> <!-- feature -->
        <test-method status="PASS" signature="tearDownClass()[pri:0, instance:runners.TestRunnerWithTestNG@5f2108b5]" name="tearDownClass" is-config="true" duration-ms="21" started-at="2020-12-09T09:18:11Z" finished-at="2020-12-09T09:18:11Z">
          <reporter-output>
          </reporter-output>
        </test-method> <!-- tearDownClass -->
      </class> <!-- runners.TestRunnerWithTestNG -->
    </test> <!-- Default test -->
  </suite> <!-- Default suite -->
</testng-results>
